ARM GAS  /tmp/ccDQ62D1.s 			page 1


   1              		.cpu cortex-m4
   2              		.arch armv7e-m
   3              		.fpu fpv4-sp-d16
   4              		.eabi_attribute 27, 1
   5              		.eabi_attribute 28, 1
   6              		.eabi_attribute 20, 1
   7              		.eabi_attribute 21, 1
   8              		.eabi_attribute 23, 3
   9              		.eabi_attribute 24, 1
  10              		.eabi_attribute 25, 1
  11              		.eabi_attribute 26, 1
  12              		.eabi_attribute 30, 1
  13              		.eabi_attribute 34, 1
  14              		.eabi_attribute 18, 4
  15              		.file	"gpio.c"
  16              		.text
  17              	.Ltext0:
  18              		.cfi_sections	.debug_frame
  19              		.file 1 "Core/Src/gpio.c"
  20              		.section	.text.MX_GPIO_Init,"ax",%progbits
  21              		.align	1
  22              		.global	MX_GPIO_Init
  23              		.syntax unified
  24              		.thumb
  25              		.thumb_func
  27              	MX_GPIO_Init:
  28              	.LFB132:
   1:Core/Src/gpio.c **** /* USER CODE BEGIN Header */
   2:Core/Src/gpio.c **** /**
   3:Core/Src/gpio.c ****   ******************************************************************************
   4:Core/Src/gpio.c ****   * @file    gpio.c
   5:Core/Src/gpio.c ****   * @brief   This file provides code for the configuration
   6:Core/Src/gpio.c ****   *          of all used GPIO pins.
   7:Core/Src/gpio.c ****   ******************************************************************************
   8:Core/Src/gpio.c ****   * @attention
   9:Core/Src/gpio.c ****   *
  10:Core/Src/gpio.c ****   * Copyright (c) 2024 STMicroelectronics.
  11:Core/Src/gpio.c ****   * All rights reserved.
  12:Core/Src/gpio.c ****   *
  13:Core/Src/gpio.c ****   * This software is licensed under terms that can be found in the LICENSE file
  14:Core/Src/gpio.c ****   * in the root directory of this software component.
  15:Core/Src/gpio.c ****   * If no LICENSE file comes with this software, it is provided AS-IS.
  16:Core/Src/gpio.c ****   *
  17:Core/Src/gpio.c ****   ******************************************************************************
  18:Core/Src/gpio.c ****   */
  19:Core/Src/gpio.c **** /* USER CODE END Header */
  20:Core/Src/gpio.c **** 
  21:Core/Src/gpio.c **** /* Includes ------------------------------------------------------------------*/
  22:Core/Src/gpio.c **** #include "gpio.h"
  23:Core/Src/gpio.c **** 
  24:Core/Src/gpio.c **** /* USER CODE BEGIN 0 */
  25:Core/Src/gpio.c **** 
  26:Core/Src/gpio.c **** /* USER CODE END 0 */
  27:Core/Src/gpio.c **** 
  28:Core/Src/gpio.c **** /*----------------------------------------------------------------------------*/
  29:Core/Src/gpio.c **** /* Configure GPIO                                                             */
  30:Core/Src/gpio.c **** /*----------------------------------------------------------------------------*/
ARM GAS  /tmp/ccDQ62D1.s 			page 2


  31:Core/Src/gpio.c **** /* USER CODE BEGIN 1 */
  32:Core/Src/gpio.c **** 
  33:Core/Src/gpio.c **** /* USER CODE END 1 */
  34:Core/Src/gpio.c **** 
  35:Core/Src/gpio.c **** /** Configure pins as
  36:Core/Src/gpio.c ****         * Analog
  37:Core/Src/gpio.c ****         * Input
  38:Core/Src/gpio.c ****         * Output
  39:Core/Src/gpio.c ****         * EVENT_OUT
  40:Core/Src/gpio.c ****         * EXTI
  41:Core/Src/gpio.c **** */
  42:Core/Src/gpio.c **** void MX_GPIO_Init(void)
  43:Core/Src/gpio.c **** {
  29              		.loc 1 43 1 view -0
  30              		.cfi_startproc
  31              		@ args = 0, pretend = 0, frame = 40
  32              		@ frame_needed = 0, uses_anonymous_args = 0
  33 0000 10B5     		push	{r4, lr}
  34              		.cfi_def_cfa_offset 8
  35              		.cfi_offset 4, -8
  36              		.cfi_offset 14, -4
  37 0002 8AB0     		sub	sp, sp, #40
  38              		.cfi_def_cfa_offset 48
  44:Core/Src/gpio.c **** 
  45:Core/Src/gpio.c ****   GPIO_InitTypeDef GPIO_InitStruct = {0};
  39              		.loc 1 45 3 view .LVU1
  40              		.loc 1 45 20 is_stmt 0 view .LVU2
  41 0004 0024     		movs	r4, #0
  42 0006 0594     		str	r4, [sp, #20]
  43 0008 0694     		str	r4, [sp, #24]
  44 000a 0794     		str	r4, [sp, #28]
  45 000c 0894     		str	r4, [sp, #32]
  46 000e 0994     		str	r4, [sp, #36]
  46:Core/Src/gpio.c **** 
  47:Core/Src/gpio.c ****   /* GPIO Ports Clock Enable */
  48:Core/Src/gpio.c ****   __HAL_RCC_GPIOC_CLK_ENABLE();
  47              		.loc 1 48 3 is_stmt 1 view .LVU3
  48              	.LBB2:
  49              		.loc 1 48 3 view .LVU4
  50              		.loc 1 48 3 view .LVU5
  51 0010 1C4B     		ldr	r3, .L3
  52 0012 DA6C     		ldr	r2, [r3, #76]
  53 0014 42F00402 		orr	r2, r2, #4
  54 0018 DA64     		str	r2, [r3, #76]
  55              		.loc 1 48 3 view .LVU6
  56 001a DA6C     		ldr	r2, [r3, #76]
  57 001c 02F00402 		and	r2, r2, #4
  58 0020 0192     		str	r2, [sp, #4]
  59              		.loc 1 48 3 view .LVU7
  60 0022 019A     		ldr	r2, [sp, #4]
  61              	.LBE2:
  62              		.loc 1 48 3 view .LVU8
  49:Core/Src/gpio.c ****   __HAL_RCC_GPIOF_CLK_ENABLE();
  63              		.loc 1 49 3 view .LVU9
  64              	.LBB3:
  65              		.loc 1 49 3 view .LVU10
  66              		.loc 1 49 3 view .LVU11
ARM GAS  /tmp/ccDQ62D1.s 			page 3


  67 0024 DA6C     		ldr	r2, [r3, #76]
  68 0026 42F02002 		orr	r2, r2, #32
  69 002a DA64     		str	r2, [r3, #76]
  70              		.loc 1 49 3 view .LVU12
  71 002c DA6C     		ldr	r2, [r3, #76]
  72 002e 02F02002 		and	r2, r2, #32
  73 0032 0292     		str	r2, [sp, #8]
  74              		.loc 1 49 3 view .LVU13
  75 0034 029A     		ldr	r2, [sp, #8]
  76              	.LBE3:
  77              		.loc 1 49 3 view .LVU14
  50:Core/Src/gpio.c ****   __HAL_RCC_GPIOA_CLK_ENABLE();
  78              		.loc 1 50 3 view .LVU15
  79              	.LBB4:
  80              		.loc 1 50 3 view .LVU16
  81              		.loc 1 50 3 view .LVU17
  82 0036 DA6C     		ldr	r2, [r3, #76]
  83 0038 42F00102 		orr	r2, r2, #1
  84 003c DA64     		str	r2, [r3, #76]
  85              		.loc 1 50 3 view .LVU18
  86 003e DA6C     		ldr	r2, [r3, #76]
  87 0040 02F00102 		and	r2, r2, #1
  88 0044 0392     		str	r2, [sp, #12]
  89              		.loc 1 50 3 view .LVU19
  90 0046 039A     		ldr	r2, [sp, #12]
  91              	.LBE4:
  92              		.loc 1 50 3 view .LVU20
  51:Core/Src/gpio.c ****   __HAL_RCC_GPIOB_CLK_ENABLE();
  93              		.loc 1 51 3 view .LVU21
  94              	.LBB5:
  95              		.loc 1 51 3 view .LVU22
  96              		.loc 1 51 3 view .LVU23
  97 0048 DA6C     		ldr	r2, [r3, #76]
  98 004a 42F00202 		orr	r2, r2, #2
  99 004e DA64     		str	r2, [r3, #76]
 100              		.loc 1 51 3 view .LVU24
 101 0050 DB6C     		ldr	r3, [r3, #76]
 102 0052 03F00203 		and	r3, r3, #2
 103 0056 0493     		str	r3, [sp, #16]
 104              		.loc 1 51 3 view .LVU25
 105 0058 049B     		ldr	r3, [sp, #16]
 106              	.LBE5:
 107              		.loc 1 51 3 view .LVU26
  52:Core/Src/gpio.c **** 
  53:Core/Src/gpio.c ****   /*Configure GPIO pin : PtPin */
  54:Core/Src/gpio.c ****   GPIO_InitStruct.Pin = B1_Pin;
 108              		.loc 1 54 3 view .LVU27
 109              		.loc 1 54 23 is_stmt 0 view .LVU28
 110 005a 4FF40053 		mov	r3, #8192
 111 005e 0593     		str	r3, [sp, #20]
  55:Core/Src/gpio.c ****   GPIO_InitStruct.Mode = GPIO_MODE_IT_RISING;
 112              		.loc 1 55 3 is_stmt 1 view .LVU29
 113              		.loc 1 55 24 is_stmt 0 view .LVU30
 114 0060 4FF48813 		mov	r3, #1114112
 115 0064 0693     		str	r3, [sp, #24]
  56:Core/Src/gpio.c ****   GPIO_InitStruct.Pull = GPIO_NOPULL;
 116              		.loc 1 56 3 is_stmt 1 view .LVU31
ARM GAS  /tmp/ccDQ62D1.s 			page 4


  57:Core/Src/gpio.c ****   HAL_GPIO_Init(B1_GPIO_Port, &GPIO_InitStruct);
 117              		.loc 1 57 3 view .LVU32
 118 0066 05A9     		add	r1, sp, #20
 119 0068 0748     		ldr	r0, .L3+4
 120 006a FFF7FEFF 		bl	HAL_GPIO_Init
 121              	.LVL0:
  58:Core/Src/gpio.c **** 
  59:Core/Src/gpio.c ****   /* EXTI interrupt init*/
  60:Core/Src/gpio.c ****   HAL_NVIC_SetPriority(EXTI15_10_IRQn, 0, 0);
 122              		.loc 1 60 3 view .LVU33
 123 006e 2246     		mov	r2, r4
 124 0070 2146     		mov	r1, r4
 125 0072 2820     		movs	r0, #40
 126 0074 FFF7FEFF 		bl	HAL_NVIC_SetPriority
 127              	.LVL1:
  61:Core/Src/gpio.c ****   HAL_NVIC_EnableIRQ(EXTI15_10_IRQn);
 128              		.loc 1 61 3 view .LVU34
 129 0078 2820     		movs	r0, #40
 130 007a FFF7FEFF 		bl	HAL_NVIC_EnableIRQ
 131              	.LVL2:
  62:Core/Src/gpio.c **** 
  63:Core/Src/gpio.c **** }
 132              		.loc 1 63 1 is_stmt 0 view .LVU35
 133 007e 0AB0     		add	sp, sp, #40
 134              		.cfi_def_cfa_offset 8
 135              		@ sp needed
 136 0080 10BD     		pop	{r4, pc}
 137              	.L4:
 138 0082 00BF     		.align	2
 139              	.L3:
 140 0084 00100240 		.word	1073876992
 141 0088 00080048 		.word	1207961600
 142              		.cfi_endproc
 143              	.LFE132:
 145              		.text
 146              	.Letext0:
 147              		.file 2 "Drivers/CMSIS/Device/ST/STM32G4xx/Include/stm32g474xx.h"
 148              		.file 3 "/home/kalsifer/.config/Code/User/globalStorage/bmd.stm32-for-vscode/@xpack-dev-tools/arm-
 149              		.file 4 "/home/kalsifer/.config/Code/User/globalStorage/bmd.stm32-for-vscode/@xpack-dev-tools/arm-
 150              		.file 5 "Drivers/STM32G4xx_HAL_Driver/Inc/stm32g4xx_hal_gpio.h"
 151              		.file 6 "Drivers/STM32G4xx_HAL_Driver/Inc/stm32g4xx_hal_cortex.h"
ARM GAS  /tmp/ccDQ62D1.s 			page 5


DEFINED SYMBOLS
                            *ABS*:00000000 gpio.c
     /tmp/ccDQ62D1.s:21     .text.MX_GPIO_Init:00000000 $t
     /tmp/ccDQ62D1.s:27     .text.MX_GPIO_Init:00000000 MX_GPIO_Init
     /tmp/ccDQ62D1.s:140    .text.MX_GPIO_Init:00000084 $d

UNDEFINED SYMBOLS
HAL_GPIO_Init
HAL_NVIC_SetPriority
HAL_NVIC_EnableIRQ
